{"/home/niveus/Adithya/training/config.js": {"path":"/home/niveus/Adithya/training/config.js","statementMap":{"0":{"start":{"line":1,"column":15},"end":{"line":1,"column":32}},"1":{"start":{"line":3,"column":15},"end":{"line":3,"column":30}},"2":{"start":{"line":4,"column":0},"end":{"line":6,"column":1}},"3":{"start":{"line":5,"column":4},"end":{"line":5,"column":23}},"4":{"start":{"line":7,"column":25},"end":{"line":7,"column":31}},"5":{"start":{"line":10,"column":0},"end":{"line":10,"column":22}}},"fnMap":{},"branchMap":{"0":{"loc":{"start":{"line":4,"column":0},"end":{"line":6,"column":1}},"type":"if","locations":[{"start":{"line":4,"column":0},"end":{"line":6,"column":1}},{"start":{},"end":{}}],"line":4}},"s":{"0":1,"1":1,"2":1,"3":0,"4":1,"5":1},"f":{},"b":{"0":[0,1]},"_coverageSchema":"1a1c01bbd47fc00a2c39e90264f33305004495a9","hash":"c92c093415f885b94b3d4a57fcd4c421d5a481bc"}
,"/home/niveus/Adithya/training/server.js": {"path":"/home/niveus/Adithya/training/server.js","statementMap":{"0":{"start":{"line":1,"column":16},"end":{"line":1,"column":34}},"1":{"start":{"line":2,"column":13},"end":{"line":2,"column":28}},"2":{"start":{"line":3,"column":29},"end":{"line":3,"column":48}},"3":{"start":{"line":4,"column":17},"end":{"line":4,"column":36}},"4":{"start":{"line":5,"column":13},"end":{"line":5,"column":29}},"5":{"start":{"line":7,"column":12},"end":{"line":7,"column":21}},"6":{"start":{"line":9,"column":0},"end":{"line":9,"column":24}},"7":{"start":{"line":10,"column":0},"end":{"line":10,"column":48}},"8":{"start":{"line":12,"column":0},"end":{"line":12,"column":29}},"9":{"start":{"line":14,"column":0},"end":{"line":16,"column":3}},"10":{"start":{"line":15,"column":4},"end":{"line":15,"column":35}},"11":{"start":{"line":19,"column":0},"end":{"line":21,"column":3}},"12":{"start":{"line":20,"column":4},"end":{"line":20,"column":44}},"13":{"start":{"line":24,"column":0},"end":{"line":27,"column":3}},"14":{"start":{"line":30,"column":11},"end":{"line":30,"column":30}},"15":{"start":{"line":31,"column":0},"end":{"line":31,"column":73}},"16":{"start":{"line":32,"column":0},"end":{"line":34,"column":3}},"17":{"start":{"line":33,"column":2},"end":{"line":33,"column":43}},"18":{"start":{"line":37,"column":0},"end":{"line":39,"column":3}},"19":{"start":{"line":38,"column":4},"end":{"line":38,"column":53}},"20":{"start":{"line":41,"column":0},"end":{"line":41,"column":21}}},"fnMap":{"0":{"name":"(anonymous_0)","decl":{"start":{"line":14,"column":13},"end":{"line":14,"column":14}},"loc":{"start":{"line":14,"column":27},"end":{"line":16,"column":1}},"line":14},"1":{"name":"(anonymous_1)","decl":{"start":{"line":19,"column":8},"end":{"line":19,"column":9}},"loc":{"start":{"line":19,"column":28},"end":{"line":21,"column":1}},"line":19},"2":{"name":"(anonymous_2)","decl":{"start":{"line":32,"column":16},"end":{"line":32,"column":17}},"loc":{"start":{"line":32,"column":22},"end":{"line":34,"column":1}},"line":32},"3":{"name":"(anonymous_3)","decl":{"start":{"line":37,"column":17},"end":{"line":37,"column":18}},"loc":{"start":{"line":37,"column":23},"end":{"line":39,"column":1}},"line":37}},"branchMap":{},"s":{"0":1,"1":1,"2":1,"3":1,"4":1,"5":1,"6":1,"7":1,"8":1,"9":1,"10":1,"11":1,"12":0,"13":1,"14":1,"15":1,"16":1,"17":1,"18":1,"19":1,"20":1},"f":{"0":1,"1":0,"2":1,"3":1},"b":{},"_coverageSchema":"1a1c01bbd47fc00a2c39e90264f33305004495a9","hash":"e08a05a16d579eec9daaa0a192523827a15bc635"}
,"/home/niveus/Adithya/training/app/controllers/user.controller.js": {"path":"/home/niveus/Adithya/training/app/controllers/user.controller.js","statementMap":{"0":{"start":{"line":1,"column":13},"end":{"line":1,"column":44}},"1":{"start":{"line":2,"column":20},"end":{"line":2,"column":58}},"2":{"start":{"line":4,"column":21},"end":{"line":4,"column":44}},"3":{"start":{"line":6,"column":14},"end":{"line":6,"column":30}},"4":{"start":{"line":7,"column":16},"end":{"line":7,"column":20}},"5":{"start":{"line":8,"column":15},"end":{"line":13,"column":2}},"6":{"start":{"line":15,"column":0},"end":{"line":18,"column":5}},"7":{"start":{"line":17,"column":4},"end":{"line":17,"column":27}},"8":{"start":{"line":20,"column":0},"end":{"line":22,"column":3}},"9":{"start":{"line":21,"column":4},"end":{"line":21,"column":30}},"10":{"start":{"line":25,"column":0},"end":{"line":27,"column":3}},"11":{"start":{"line":26,"column":4},"end":{"line":26,"column":32}},"12":{"start":{"line":30,"column":19},"end":{"line":62,"column":1}},"13":{"start":{"line":32,"column":4},"end":{"line":60,"column":5}},"14":{"start":{"line":33,"column":24},"end":{"line":33,"column":32}},"15":{"start":{"line":37,"column":24},"end":{"line":41,"column":10}},"16":{"start":{"line":44,"column":8},"end":{"line":54,"column":14}},"17":{"start":{"line":47,"column":16},"end":{"line":47,"column":59}},"18":{"start":{"line":48,"column":16},"end":{"line":48,"column":26}},"19":{"start":{"line":51,"column":16},"end":{"line":51,"column":34}},"20":{"start":{"line":52,"column":16},"end":{"line":52,"column":75}},"21":{"start":{"line":53,"column":16},"end":{"line":53,"column":26}},"22":{"start":{"line":57,"column":8},"end":{"line":57,"column":27}},"23":{"start":{"line":58,"column":8},"end":{"line":58,"column":67}},"24":{"start":{"line":59,"column":8},"end":{"line":59,"column":18}},"25":{"start":{"line":66,"column":19},"end":{"line":92,"column":1}},"26":{"start":{"line":68,"column":4},"end":{"line":90,"column":5}},"27":{"start":{"line":69,"column":24},"end":{"line":69,"column":52}},"28":{"start":{"line":71,"column":8},"end":{"line":84,"column":9}},"29":{"start":{"line":72,"column":12},"end":{"line":72,"column":65}},"30":{"start":{"line":73,"column":12},"end":{"line":73,"column":22}},"31":{"start":{"line":75,"column":27},"end":{"line":75,"column":29}},"32":{"start":{"line":76,"column":28},"end":{"line":76,"column":51}},"33":{"start":{"line":79,"column":12},"end":{"line":79,"column":66}},"34":{"start":{"line":82,"column":12},"end":{"line":82,"column":54}},"35":{"start":{"line":83,"column":12},"end":{"line":83,"column":22}},"36":{"start":{"line":87,"column":8},"end":{"line":87,"column":27}},"37":{"start":{"line":88,"column":8},"end":{"line":88,"column":67}},"38":{"start":{"line":89,"column":8},"end":{"line":89,"column":18}},"39":{"start":{"line":94,"column":26},"end":{"line":123,"column":1}},"40":{"start":{"line":96,"column":4},"end":{"line":122,"column":5}},"41":{"start":{"line":97,"column":24},"end":{"line":97,"column":32}},"42":{"start":{"line":99,"column":31},"end":{"line":104,"column":10}},"43":{"start":{"line":107,"column":8},"end":{"line":117,"column":14}},"44":{"start":{"line":110,"column":16},"end":{"line":110,"column":55}},"45":{"start":{"line":111,"column":16},"end":{"line":111,"column":26}},"46":{"start":{"line":114,"column":16},"end":{"line":114,"column":34}},"47":{"start":{"line":115,"column":16},"end":{"line":115,"column":82}},"48":{"start":{"line":116,"column":16},"end":{"line":116,"column":26}},"49":{"start":{"line":119,"column":8},"end":{"line":119,"column":27}},"50":{"start":{"line":120,"column":8},"end":{"line":120,"column":74}},"51":{"start":{"line":121,"column":8},"end":{"line":121,"column":18}},"52":{"start":{"line":126,"column":4},"end":{"line":126,"column":81}},"53":{"start":{"line":129,"column":27},"end":{"line":187,"column":1}},"54":{"start":{"line":131,"column":4},"end":{"line":186,"column":5}},"55":{"start":{"line":133,"column":25},"end":{"line":133,"column":27}},"56":{"start":{"line":134,"column":19},"end":{"line":134,"column":68}},"57":{"start":{"line":136,"column":8},"end":{"line":138,"column":9}},"58":{"start":{"line":137,"column":12},"end":{"line":137,"column":21}},"59":{"start":{"line":141,"column":21},"end":{"line":141,"column":42}},"60":{"start":{"line":142,"column":23},"end":{"line":142,"column":39}},"61":{"start":{"line":143,"column":26},"end":{"line":143,"column":85}},"62":{"start":{"line":144,"column":24},"end":{"line":144,"column":79}},"63":{"start":{"line":145,"column":26},"end":{"line":145,"column":85}},"64":{"start":{"line":146,"column":26},"end":{"line":146,"column":85}},"65":{"start":{"line":148,"column":25},"end":{"line":148,"column":97}},"66":{"start":{"line":150,"column":23},"end":{"line":152,"column":9}},"67":{"start":{"line":155,"column":8},"end":{"line":157,"column":9}},"68":{"start":{"line":156,"column":12},"end":{"line":156,"column":61}},"69":{"start":{"line":159,"column":8},"end":{"line":161,"column":9}},"70":{"start":{"line":160,"column":12},"end":{"line":160,"column":48}},"71":{"start":{"line":163,"column":8},"end":{"line":165,"column":9}},"72":{"start":{"line":164,"column":12},"end":{"line":164,"column":66}},"73":{"start":{"line":168,"column":24},"end":{"line":168,"column":50}},"74":{"start":{"line":169,"column":8},"end":{"line":181,"column":9}},"75":{"start":{"line":170,"column":12},"end":{"line":170,"column":65}},"76":{"start":{"line":171,"column":12},"end":{"line":171,"column":22}},"77":{"start":{"line":173,"column":12},"end":{"line":180,"column":14}},"78":{"start":{"line":177,"column":16},"end":{"line":177,"column":65}},"79":{"start":{"line":178,"column":16},"end":{"line":178,"column":54}},"80":{"start":{"line":179,"column":16},"end":{"line":179,"column":26}},"81":{"start":{"line":183,"column":8},"end":{"line":183,"column":27}},"82":{"start":{"line":184,"column":8},"end":{"line":184,"column":75}},"83":{"start":{"line":185,"column":8},"end":{"line":185,"column":18}},"84":{"start":{"line":190,"column":0},"end":{"line":192,"column":1}}},"fnMap":{"0":{"name":"(anonymous_0)","decl":{"start":{"line":15,"column":1},"end":{"line":15,"column":2}},"loc":{"start":{"line":15,"column":13},"end":{"line":18,"column":1}},"line":15},"1":{"name":"(anonymous_1)","decl":{"start":{"line":20,"column":21},"end":{"line":20,"column":22}},"loc":{"start":{"line":20,"column":27},"end":{"line":22,"column":1}},"line":20},"2":{"name":"(anonymous_2)","decl":{"start":{"line":25,"column":19},"end":{"line":25,"column":20}},"loc":{"start":{"line":25,"column":28},"end":{"line":27,"column":1}},"line":25},"3":{"name":"(anonymous_3)","decl":{"start":{"line":30,"column":19},"end":{"line":30,"column":20}},"loc":{"start":{"line":30,"column":39},"end":{"line":62,"column":1}},"line":30},"4":{"name":"(anonymous_4)","decl":{"start":{"line":45,"column":18},"end":{"line":45,"column":19}},"loc":{"start":{"line":45,"column":33},"end":{"line":49,"column":13}},"line":45},"5":{"name":"(anonymous_5)","decl":{"start":{"line":50,"column":19},"end":{"line":50,"column":20}},"loc":{"start":{"line":50,"column":30},"end":{"line":54,"column":13}},"line":50},"6":{"name":"(anonymous_6)","decl":{"start":{"line":66,"column":19},"end":{"line":66,"column":20}},"loc":{"start":{"line":66,"column":39},"end":{"line":92,"column":1}},"line":66},"7":{"name":"(anonymous_7)","decl":{"start":{"line":94,"column":26},"end":{"line":94,"column":27}},"loc":{"start":{"line":94,"column":46},"end":{"line":123,"column":1}},"line":94},"8":{"name":"(anonymous_8)","decl":{"start":{"line":108,"column":18},"end":{"line":108,"column":19}},"loc":{"start":{"line":108,"column":29},"end":{"line":112,"column":13}},"line":108},"9":{"name":"(anonymous_9)","decl":{"start":{"line":113,"column":19},"end":{"line":113,"column":20}},"loc":{"start":{"line":113,"column":30},"end":{"line":117,"column":13}},"line":113},"10":{"name":"generateCacheKey","decl":{"start":{"line":125,"column":9},"end":{"line":125,"column":25}},"loc":{"start":{"line":125,"column":82},"end":{"line":127,"column":3}},"line":125},"11":{"name":"(anonymous_11)","decl":{"start":{"line":129,"column":27},"end":{"line":129,"column":28}},"loc":{"start":{"line":129,"column":47},"end":{"line":187,"column":1}},"line":129},"12":{"name":"(anonymous_12)","decl":{"start":{"line":176,"column":18},"end":{"line":176,"column":19}},"loc":{"start":{"line":176,"column":28},"end":{"line":180,"column":13}},"line":176}},"branchMap":{"0":{"loc":{"start":{"line":71,"column":8},"end":{"line":84,"column":9}},"type":"if","locations":[{"start":{"line":71,"column":8},"end":{"line":84,"column":9}},{"start":{"line":74,"column":15},"end":{"line":84,"column":9}}],"line":71},"1":{"loc":{"start":{"line":134,"column":19},"end":{"line":134,"column":68}},"type":"cond-expr","locations":[{"start":{"line":134,"column":42},"end":{"line":134,"column":51}},{"start":{"line":134,"column":54},"end":{"line":134,"column":68}}],"line":134},"2":{"loc":{"start":{"line":136,"column":8},"end":{"line":138,"column":9}},"type":"if","locations":[{"start":{"line":136,"column":8},"end":{"line":138,"column":9}},{"start":{},"end":{}}],"line":136},"3":{"loc":{"start":{"line":143,"column":26},"end":{"line":143,"column":85}},"type":"cond-expr","locations":[{"start":{"line":143,"column":54},"end":{"line":143,"column":63}},{"start":{"line":143,"column":66},"end":{"line":143,"column":85}}],"line":143},"4":{"loc":{"start":{"line":144,"column":24},"end":{"line":144,"column":79}},"type":"cond-expr","locations":[{"start":{"line":144,"column":50},"end":{"line":144,"column":59}},{"start":{"line":144,"column":62},"end":{"line":144,"column":79}}],"line":144},"5":{"loc":{"start":{"line":145,"column":26},"end":{"line":145,"column":85}},"type":"cond-expr","locations":[{"start":{"line":145,"column":54},"end":{"line":145,"column":63}},{"start":{"line":145,"column":66},"end":{"line":145,"column":85}}],"line":145},"6":{"loc":{"start":{"line":146,"column":26},"end":{"line":146,"column":85}},"type":"cond-expr","locations":[{"start":{"line":146,"column":54},"end":{"line":146,"column":63}},{"start":{"line":146,"column":66},"end":{"line":146,"column":85}}],"line":146},"7":{"loc":{"start":{"line":155,"column":8},"end":{"line":157,"column":9}},"type":"if","locations":[{"start":{"line":155,"column":8},"end":{"line":157,"column":9}},{"start":{},"end":{}}],"line":155},"8":{"loc":{"start":{"line":155,"column":12},"end":{"line":155,"column":60}},"type":"binary-expr","locations":[{"start":{"line":155,"column":12},"end":{"line":155,"column":35}},{"start":{"line":155,"column":39},"end":{"line":155,"column":60}}],"line":155},"9":{"loc":{"start":{"line":159,"column":8},"end":{"line":161,"column":9}},"type":"if","locations":[{"start":{"line":159,"column":8},"end":{"line":161,"column":9}},{"start":{},"end":{}}],"line":159},"10":{"loc":{"start":{"line":163,"column":8},"end":{"line":165,"column":9}},"type":"if","locations":[{"start":{"line":163,"column":8},"end":{"line":165,"column":9}},{"start":{},"end":{}}],"line":163},"11":{"loc":{"start":{"line":169,"column":8},"end":{"line":181,"column":9}},"type":"if","locations":[{"start":{"line":169,"column":8},"end":{"line":181,"column":9}},{"start":{"line":172,"column":13},"end":{"line":181,"column":9}}],"line":169}},"s":{"0":1,"1":1,"2":1,"3":1,"4":1,"5":1,"6":1,"7":1,"8":1,"9":1,"10":1,"11":0,"12":1,"13":0,"14":0,"15":0,"16":0,"17":0,"18":0,"19":0,"20":0,"21":0,"22":0,"23":0,"24":0,"25":1,"26":0,"27":0,"28":0,"29":0,"30":0,"31":0,"32":0,"33":0,"34":0,"35":0,"36":0,"37":0,"38":0,"39":1,"40":1,"41":1,"42":1,"43":1,"44":1,"45":1,"46":0,"47":0,"48":0,"49":0,"50":0,"51":0,"52":1,"53":1,"54":1,"55":1,"56":1,"57":1,"58":0,"59":1,"60":1,"61":1,"62":1,"63":1,"64":1,"65":1,"66":1,"67":1,"68":1,"69":1,"70":0,"71":1,"72":0,"73":1,"74":1,"75":0,"76":0,"77":1,"78":1,"79":1,"80":1,"81":0,"82":0,"83":0,"84":1},"f":{"0":1,"1":1,"2":0,"3":0,"4":0,"5":0,"6":0,"7":1,"8":1,"9":0,"10":1,"11":1,"12":1},"b":{"0":[0,0],"1":[0,1],"2":[0,1],"3":[0,1],"4":[0,1],"5":[1,0],"6":[1,0],"7":[1,0],"8":[1,1],"9":[0,1],"10":[0,1],"11":[0,1]},"_coverageSchema":"1a1c01bbd47fc00a2c39e90264f33305004495a9","hash":"aa1318004ffe3d0f63324438c5c14a6ce0263592"}
,"/home/niveus/Adithya/training/app/models/transaction.model.js": {"path":"/home/niveus/Adithya/training/app/models/transaction.model.js","statementMap":{"0":{"start":{"line":1,"column":17},"end":{"line":1,"column":36}},"1":{"start":{"line":4,"column":26},"end":{"line":21,"column":2}},"2":{"start":{"line":24,"column":13},"end":{"line":24,"column":61}},"3":{"start":{"line":27,"column":0},"end":{"line":27,"column":22}}},"fnMap":{},"branchMap":{},"s":{"0":1,"1":1,"2":1,"3":1},"f":{},"b":{},"_coverageSchema":"1a1c01bbd47fc00a2c39e90264f33305004495a9","hash":"e2e4d5df330e28aeb31f3b4181b9f6378a480fb4"}
,"/home/niveus/Adithya/training/app/models/user.model.js": {"path":"/home/niveus/Adithya/training/app/models/user.model.js","statementMap":{"0":{"start":{"line":1,"column":17},"end":{"line":1,"column":36}},"1":{"start":{"line":4,"column":19},"end":{"line":18,"column":2}},"2":{"start":{"line":21,"column":13},"end":{"line":21,"column":71}},"3":{"start":{"line":24,"column":0},"end":{"line":24,"column":22}}},"fnMap":{},"branchMap":{"0":{"loc":{"start":{"line":21,"column":13},"end":{"line":21,"column":71}},"type":"binary-expr","locations":[{"start":{"line":21,"column":13},"end":{"line":21,"column":33}},{"start":{"line":21,"column":37},"end":{"line":21,"column":71}}],"line":21}},"s":{"0":1,"1":1,"2":1,"3":1},"f":{},"b":{"0":[1,1]},"_coverageSchema":"1a1c01bbd47fc00a2c39e90264f33305004495a9","hash":"f75a6f0b1934f63a8b72c00a50f6e861ec03fb1c"}
,"/home/niveus/Adithya/training/app/routes/file.routes.js": {"path":"/home/niveus/Adithya/training/app/routes/file.routes.js","statementMap":{"0":{"start":{"line":1,"column":16},"end":{"line":1,"column":34}},"1":{"start":{"line":4,"column":15},"end":{"line":4,"column":32}},"2":{"start":{"line":5,"column":20},"end":{"line":5,"column":52}},"3":{"start":{"line":7,"column":16},"end":{"line":7,"column":29}},"4":{"start":{"line":9,"column":15},"end":{"line":9,"column":51}},"5":{"start":{"line":11,"column":15},"end":{"line":16,"column":2}},"6":{"start":{"line":18,"column":15},"end":{"line":18,"column":31}},"7":{"start":{"line":21,"column":0},"end":{"line":48,"column":3}},"8":{"start":{"line":23,"column":4},"end":{"line":47,"column":1}},"9":{"start":{"line":26,"column":17},"end":{"line":26,"column":25}},"10":{"start":{"line":29,"column":4},"end":{"line":31,"column":5}},"11":{"start":{"line":30,"column":6},"end":{"line":30,"column":55}},"12":{"start":{"line":33,"column":17},"end":{"line":33,"column":47}},"13":{"start":{"line":34,"column":23},"end":{"line":34,"column":47}},"14":{"start":{"line":40,"column":4},"end":{"line":42,"column":7}},"15":{"start":{"line":41,"column":6},"end":{"line":41,"column":52}},"16":{"start":{"line":44,"column":4},"end":{"line":44,"column":32}},"17":{"start":{"line":46,"column":4},"end":{"line":46,"column":30}},"18":{"start":{"line":52,"column":0},"end":{"line":52,"column":23}}},"fnMap":{"0":{"name":"(anonymous_0)","decl":{"start":{"line":21,"column":51},"end":{"line":21,"column":52}},"loc":{"start":{"line":21,"column":65},"end":{"line":48,"column":1}},"line":21},"1":{"name":"(anonymous_1)","decl":{"start":{"line":40,"column":28},"end":{"line":40,"column":29}},"loc":{"start":{"line":40,"column":34},"end":{"line":42,"column":5}},"line":40}},"branchMap":{"0":{"loc":{"start":{"line":29,"column":4},"end":{"line":31,"column":5}},"type":"if","locations":[{"start":{"line":29,"column":4},"end":{"line":31,"column":5}},{"start":{},"end":{}}],"line":29}},"s":{"0":1,"1":1,"2":1,"3":1,"4":1,"5":1,"6":1,"7":1,"8":0,"9":0,"10":0,"11":0,"12":0,"13":0,"14":0,"15":0,"16":0,"17":0,"18":1},"f":{"0":0,"1":0},"b":{"0":[0,0]},"_coverageSchema":"1a1c01bbd47fc00a2c39e90264f33305004495a9","hash":"61babe7d6c3ad1a48181b58de82323dbc016eace"}
,"/home/niveus/Adithya/training/app/routes/index.js": {"path":"/home/niveus/Adithya/training/app/routes/index.js","statementMap":{"0":{"start":{"line":1,"column":19},"end":{"line":1,"column":46}},"1":{"start":{"line":2,"column":19},"end":{"line":2,"column":46}},"2":{"start":{"line":4,"column":18},"end":{"line":7,"column":1}},"3":{"start":{"line":5,"column":4},"end":{"line":5,"column":32}},"4":{"start":{"line":6,"column":4},"end":{"line":6,"column":32}},"5":{"start":{"line":9,"column":0},"end":{"line":9,"column":27}}},"fnMap":{"0":{"name":"(anonymous_0)","decl":{"start":{"line":4,"column":18},"end":{"line":4,"column":19}},"loc":{"start":{"line":4,"column":27},"end":{"line":7,"column":1}},"line":4}},"branchMap":{},"s":{"0":1,"1":1,"2":1,"3":1,"4":1,"5":1},"f":{"0":1},"b":{},"_coverageSchema":"1a1c01bbd47fc00a2c39e90264f33305004495a9","hash":"d57f2037e7e76de5eec4348231bf43ce5da1f3e1"}
,"/home/niveus/Adithya/training/app/routes/user.routes.js": {"path":"/home/niveus/Adithya/training/app/routes/user.routes.js","statementMap":{"0":{"start":{"line":1,"column":16},"end":{"line":1,"column":34}},"1":{"start":{"line":2,"column":13},"end":{"line":2,"column":57}},"2":{"start":{"line":4,"column":15},"end":{"line":4,"column":31}},"3":{"start":{"line":7,"column":0},"end":{"line":9,"column":3}},"4":{"start":{"line":8,"column":4},"end":{"line":8,"column":30}},"5":{"start":{"line":11,"column":0},"end":{"line":13,"column":3}},"6":{"start":{"line":12,"column":4},"end":{"line":12,"column":30}},"7":{"start":{"line":15,"column":0},"end":{"line":17,"column":3}},"8":{"start":{"line":16,"column":4},"end":{"line":16,"column":37}},"9":{"start":{"line":19,"column":0},"end":{"line":21,"column":3}},"10":{"start":{"line":20,"column":4},"end":{"line":20,"column":38}},"11":{"start":{"line":24,"column":0},"end":{"line":24,"column":23}}},"fnMap":{"0":{"name":"(anonymous_0)","decl":{"start":{"line":7,"column":33},"end":{"line":7,"column":34}},"loc":{"start":{"line":7,"column":47},"end":{"line":9,"column":1}},"line":7},"1":{"name":"(anonymous_1)","decl":{"start":{"line":11,"column":28},"end":{"line":11,"column":29}},"loc":{"start":{"line":11,"column":42},"end":{"line":13,"column":1}},"line":11},"2":{"name":"(anonymous_2)","decl":{"start":{"line":15,"column":40},"end":{"line":15,"column":41}},"loc":{"start":{"line":15,"column":54},"end":{"line":17,"column":1}},"line":15},"3":{"name":"(anonymous_3)","decl":{"start":{"line":19,"column":41},"end":{"line":19,"column":42}},"loc":{"start":{"line":19,"column":55},"end":{"line":21,"column":1}},"line":19}},"branchMap":{},"s":{"0":1,"1":1,"2":1,"3":1,"4":0,"5":1,"6":0,"7":1,"8":1,"9":1,"10":1,"11":1},"f":{"0":0,"1":0,"2":1,"3":1},"b":{},"_coverageSchema":"1a1c01bbd47fc00a2c39e90264f33305004495a9","hash":"227ab623b84d0074401fadb8fce52c94cf619550"}
}
