TN:
SF:config.js
FNF:0
FNH:0
DA:1,1
DA:3,1
DA:4,1
DA:5,0
DA:7,1
DA:10,1
LF:6
LH:5
BRDA:4,0,0,0
BRDA:4,0,1,1
BRF:2
BRH:1
end_of_record
TN:
SF:server.js
FN:14,(anonymous_0)
FN:19,(anonymous_1)
FN:32,(anonymous_2)
FN:37,(anonymous_3)
FNF:4
FNH:3
FNDA:1,(anonymous_0)
FNDA:0,(anonymous_1)
FNDA:1,(anonymous_2)
FNDA:1,(anonymous_3)
DA:1,1
DA:2,1
DA:3,1
DA:4,1
DA:5,1
DA:7,1
DA:9,1
DA:10,1
DA:12,1
DA:14,1
DA:15,1
DA:19,1
DA:20,0
DA:24,1
DA:30,1
DA:31,1
DA:32,1
DA:33,1
DA:37,1
DA:38,1
DA:41,1
LF:21
LH:20
BRF:0
BRH:0
end_of_record
TN:
SF:app/controllers/user.controller.js
FN:15,(anonymous_0)
FN:20,(anonymous_1)
FN:25,(anonymous_2)
FN:30,(anonymous_3)
FN:45,(anonymous_4)
FN:50,(anonymous_5)
FN:66,(anonymous_6)
FN:94,(anonymous_7)
FN:108,(anonymous_8)
FN:113,(anonymous_9)
FN:125,generateCacheKey
FN:129,(anonymous_11)
FN:176,(anonymous_12)
FNF:13
FNH:7
FNDA:1,(anonymous_0)
FNDA:1,(anonymous_1)
FNDA:0,(anonymous_2)
FNDA:0,(anonymous_3)
FNDA:0,(anonymous_4)
FNDA:0,(anonymous_5)
FNDA:0,(anonymous_6)
FNDA:1,(anonymous_7)
FNDA:1,(anonymous_8)
FNDA:0,(anonymous_9)
FNDA:1,generateCacheKey
FNDA:1,(anonymous_11)
FNDA:1,(anonymous_12)
DA:1,1
DA:2,1
DA:4,1
DA:6,1
DA:7,1
DA:8,1
DA:15,1
DA:17,1
DA:20,1
DA:21,1
DA:25,1
DA:26,0
DA:30,1
DA:32,0
DA:33,0
DA:37,0
DA:44,0
DA:47,0
DA:48,0
DA:51,0
DA:52,0
DA:53,0
DA:57,0
DA:58,0
DA:59,0
DA:66,1
DA:68,0
DA:69,0
DA:71,0
DA:72,0
DA:73,0
DA:75,0
DA:76,0
DA:79,0
DA:82,0
DA:83,0
DA:87,0
DA:88,0
DA:89,0
DA:94,1
DA:96,1
DA:97,1
DA:99,1
DA:107,1
DA:110,1
DA:111,1
DA:114,0
DA:115,0
DA:116,0
DA:119,0
DA:120,0
DA:121,0
DA:126,1
DA:129,1
DA:131,1
DA:133,1
DA:134,1
DA:136,1
DA:137,0
DA:141,1
DA:142,1
DA:143,1
DA:144,1
DA:145,1
DA:146,1
DA:148,1
DA:150,1
DA:155,1
DA:156,1
DA:159,1
DA:160,0
DA:163,1
DA:164,0
DA:168,1
DA:169,1
DA:170,0
DA:171,0
DA:173,1
DA:177,1
DA:178,1
DA:179,1
DA:183,0
DA:184,0
DA:185,0
DA:190,1
LF:85
LH:45
BRDA:71,0,0,0
BRDA:71,0,1,0
BRDA:134,1,0,0
BRDA:134,1,1,1
BRDA:136,2,0,0
BRDA:136,2,1,1
BRDA:143,3,0,0
BRDA:143,3,1,1
BRDA:144,4,0,0
BRDA:144,4,1,1
BRDA:145,5,0,1
BRDA:145,5,1,0
BRDA:146,6,0,1
BRDA:146,6,1,0
BRDA:155,7,0,1
BRDA:155,7,1,0
BRDA:155,8,0,1
BRDA:155,8,1,1
BRDA:159,9,0,0
BRDA:159,9,1,1
BRDA:163,10,0,0
BRDA:163,10,1,1
BRDA:169,11,0,0
BRDA:169,11,1,1
BRF:24
BRH:12
end_of_record
TN:
SF:app/models/transaction.model.js
FNF:0
FNH:0
DA:1,1
DA:4,1
DA:24,1
DA:27,1
LF:4
LH:4
BRF:0
BRH:0
end_of_record
TN:
SF:app/models/user.model.js
FNF:0
FNH:0
DA:1,1
DA:4,1
DA:21,1
DA:24,1
LF:4
LH:4
BRDA:21,0,0,1
BRDA:21,0,1,1
BRF:2
BRH:2
end_of_record
TN:
SF:app/routes/file.routes.js
FN:21,(anonymous_0)
FN:40,(anonymous_1)
FNF:2
FNH:0
FNDA:0,(anonymous_0)
FNDA:0,(anonymous_1)
DA:1,1
DA:4,1
DA:5,1
DA:7,1
DA:9,1
DA:11,1
DA:18,1
DA:21,1
DA:23,0
DA:26,0
DA:29,0
DA:30,0
DA:33,0
DA:34,0
DA:40,0
DA:41,0
DA:44,0
DA:46,0
DA:52,1
LF:19
LH:9
BRDA:29,0,0,0
BRDA:29,0,1,0
BRF:2
BRH:0
end_of_record
TN:
SF:app/routes/index.js
FN:4,(anonymous_0)
FNF:1
FNH:1
FNDA:1,(anonymous_0)
DA:1,1
DA:2,1
DA:4,1
DA:5,1
DA:6,1
DA:9,1
LF:6
LH:6
BRF:0
BRH:0
end_of_record
TN:
SF:app/routes/user.routes.js
FN:7,(anonymous_0)
FN:11,(anonymous_1)
FN:15,(anonymous_2)
FN:19,(anonymous_3)
FNF:4
FNH:2
FNDA:0,(anonymous_0)
FNDA:0,(anonymous_1)
FNDA:1,(anonymous_2)
FNDA:1,(anonymous_3)
DA:1,1
DA:2,1
DA:4,1
DA:7,1
DA:8,0
DA:11,1
DA:12,0
DA:15,1
DA:16,1
DA:19,1
DA:20,1
DA:24,1
LF:12
LH:10
BRF:0
BRH:0
end_of_record
